{"/Users/rodolfo.levillglobant.com/Desktop/Backend_testing/common/boardPage.ts": {"path":"/Users/rodolfo.levillglobant.com/Desktop/Backend_testing/common/boardPage.ts","statementMap":{"0":{"start":{"line":4,"column":21},"end":{"line":4,"column":42}},"1":{"start":{"line":5,"column":18},"end":{"line":5,"column":32}},"2":{"start":{"line":10,"column":24},"end":{"line":10,"column":64}},"3":{"start":{"line":11,"column":27},"end":{"line":11,"column":52}},"4":{"start":{"line":12,"column":21},"end":{"line":12,"column":82}},"5":{"start":{"line":13,"column":8},"end":{"line":13,"column":28}}},"fnMap":{"0":{"name":"(anonymous_0)","decl":{"start":{"line":9,"column":4},"end":{"line":9,"column":5}},"loc":{"start":{"line":9,"column":56},"end":{"line":14,"column":5}},"line":9}},"branchMap":{},"s":{"0":1,"1":1,"2":3,"3":3,"4":3,"5":3},"f":{"0":3},"b":{},"_coverageSchema":"1a1c01bbd47fc00a2c39e90264f33305004495a9","hash":"d80061c1ed677dfecc8fdc0bbf1811ae27465905"}
}
